<?xml version="1.0" encoding="UTF-8"?>
<!-- Generated by org.testng.reporters.JUnitXMLReporter -->
<testsuite ignored="3" hostname="Azmat" failures="0" tests="1" name="Default test" time="1.231" errors="0" timestamp="2026-02-02T04:00:39 IST">
  <testcase classname="Project.AddProject" name="project" time="1.186"/>
  <testcase classname="Project.AddProject" name="countproject" time="0.0">
    <ignored/>
  </testcase> <!-- countproject -->
  <testcase classname="Project.AddProject" name="addproject" time="0.0">
    <ignored/>
  </testcase> <!-- addproject -->
  <testcase classname="Project.AddProject" name="grapquery" time="0.0">
    <ignored/>
  </testcase> <!-- grapquery -->
</testsuite> <!-- Default test -->
